<?xml version="1.0" encoding="UTF-8"?>
<testsuite name="ru.stqa.pft.sandbox.PointTests" tests="2" skipped="0" failures="0" errors="0" timestamp="2022-11-09T06:39:15" hostname="DESKTOP-GOV6LDQ" time="0.031">
  <properties/>
  <testcase name="testDistance1" classname="ru.stqa.pft.sandbox.PointTests" time="0.02"/>
  <testcase name="testDistance2" classname="ru.stqa.pft.sandbox.PointTests" time="0.001"/>
  <system-out><![CDATA[]]></system-out>
  <system-err><![CDATA[]]></system-err>
</testsuite>
