<?xml version="1.0" encoding="UTF-8"?>
<testsuite name="ru.stqa.pft.addressbook.tests.ContactDeletionTests" tests="1" skipped="0" failures="0" errors="0" timestamp="2022-12-08T14:44:38" hostname="DESKTOP-GOV6LDQ" time="63.719">
  <properties/>
  <testcase name="testContactDeletion" classname="ru.stqa.pft.addressbook.tests.ContactDeletionTests" time="63.719"/>
  <system-out><![CDATA[]]></system-out>
  <system-err><![CDATA[1670510671701	geckodriver	INFO	Listening on 127.0.0.1:14306
1670510672314	mozrunner::runner	INFO	Running command: "C:\\Program Files\\Mozilla Firefox\\firefox.exe" "--marionette" "--remote-debugging-port" "16723" "--remote-allow-hosts" "localhost" "--remote-allow-origins" "http://127.0.0.1:16723/,http://localhost:16723/,http://[::1]:16723/" "-no-remote" "-profile" "C:\\Users\\SHATUN~1\\AppData\\Local\\Temp\\rust_mozprofilex8XquG"
1670510673302	Marionette	INFO	Marionette enabled
1670510673326	Marionette	INFO	Listening on port 49467
Read port: 49467
WebDriver BiDi listening on ws://127.0.0.1:16723
1670510673625	RemoteAgent	WARN	TLS certificate errors will be ignored for this session
console.warn: SearchSettings: "get: No settings file exists, new profile?" (new NotFoundError("Could not open the file at C:\\Users\\SHATUN~1\\AppData\\Local\\Temp\\rust_mozprofilex8XquG\\search.json.mozlz4", (void 0)))
DevTools listening on ws://127.0.0.1:16723/devtools/browser/7cb09558-7e6e-4b70-8414-c4d498dc11fe
console.warn: LoginRecipes: "Falling back to a synchronous message for: http://localhost."
console.warn: LoginRecipes: "Falling back to a synchronous message for: http://localhost."
]]></system-err>
</testsuite>
