<?xml version="1.0" encoding="UTF-8"?>
<testsuite name="ru.stqa.pft.addressbook.tests.ContactDeletionTests" tests="1" skipped="0" failures="0" errors="0" timestamp="2022-12-11T15:27:08" hostname="DESKTOP-GOV6LDQ" time="41.278">
  <properties/>
  <testcase name="testContactDeletion" classname="ru.stqa.pft.addressbook.tests.ContactDeletionTests" time="41.278"/>
  <system-out><![CDATA[]]></system-out>
  <system-err><![CDATA[1670772420890	geckodriver	INFO	Listening on 127.0.0.1:41924
1670772421476	mozrunner::runner	INFO	Running command: "C:\\Program Files\\Mozilla Firefox\\firefox.exe" "--marionette" "--remote-debugging-port" "4854" "--remote-allow-hosts" "localhost" "--remote-allow-origins" "http://127.0.0.1:4854/,http://localhost:4854/,http://[::1]:4854/" "-no-remote" "-profile" "C:\\Users\\SHATUN~1\\AppData\\Local\\Temp\\rust_mozprofile1pkDQI"
1670772422469	Marionette	INFO	Marionette enabled
1670772422490	Marionette	INFO	Listening on port 61822
Read port: 61822
WebDriver BiDi listening on ws://127.0.0.1:4854
1670772422894	RemoteAgent	WARN	TLS certificate errors will be ignored for this session
console.warn: SearchSettings: "get: No settings file exists, new profile?" (new NotFoundError("Could not open the file at C:\\Users\\SHATUN~1\\AppData\\Local\\Temp\\rust_mozprofile1pkDQI\\search.json.mozlz4", (void 0)))
DevTools listening on ws://127.0.0.1:4854/devtools/browser/760a91be-d64c-4d28-9629-fe3f9b483ba2
console.warn: LoginRecipes: "Falling back to a synchronous message for: http://localhost."
console.warn: LoginRecipes: "Falling back to a synchronous message for: http://localhost."
]]></system-err>
</testsuite>
