<?xml version="1.0" encoding="UTF-8"?>
<testsuite name="ru.stqa.pft.addressbook.tests.ContactDeletionTests" tests="1" skipped="0" failures="0" errors="0" timestamp="2022-11-23T16:12:28" hostname="DESKTOP-GOV6LDQ" time="0.986">
  <properties/>
  <testcase name="testContactDeletion" classname="ru.stqa.pft.addressbook.tests.ContactDeletionTests" time="0.986"/>
  <system-out><![CDATA[]]></system-out>
  <system-err><![CDATA[1669219942447	geckodriver	INFO	Listening on 127.0.0.1:4462
1669219942941	mozrunner::runner	INFO	Running command: "C:\\Program Files\\Mozilla Firefox\\firefox.exe" "--marionette" "--remote-debugging-port" "48042" "--remote-allow-hosts" "localhost" "--remote-allow-origins" "http://127.0.0.1:48042/,http://localhost:48042/,http://[::1]:48042/" "-no-remote" "-profile" "C:\\Users\\SHATUN~1\\AppData\\Local\\Temp\\rust_mozprofileXVOoUu"
1669219943860	Marionette	INFO	Marionette enabled
1669219943880	Marionette	INFO	Listening on port 53974
Read port: 53974
WebDriver BiDi listening on ws://127.0.0.1:48042
1669219944180	RemoteAgent	WARN	TLS certificate errors will be ignored for this session
console.warn: SearchSettings: "get: No settings file exists, new profile?" (new NotFoundError("Could not open the file at C:\\Users\\SHATUN~1\\AppData\\Local\\Temp\\rust_mozprofileXVOoUu\\search.json.mozlz4", (void 0)))
DevTools listening on ws://127.0.0.1:48042/devtools/browser/2aafa234-62ca-433e-a3f3-07cab008f16b
console.warn: LoginRecipes: "Falling back to a synchronous message for: http://localhost."
console.warn: LoginRecipes: "Falling back to a synchronous message for: http://localhost."
]]></system-err>
</testsuite>
