<?xml version="1.0" encoding="UTF-8"?>
<testsuite name="ru.stqa.pft.addressbook.tests.GroupDeletionTests" tests="1" skipped="0" failures="0" errors="0" timestamp="2022-11-23T15:47:09" hostname="DESKTOP-GOV6LDQ" time="0.901">
  <properties/>
  <testcase name="testGroupDeletion" classname="ru.stqa.pft.addressbook.tests.GroupDeletionTests" time="0.901"/>
  <system-out><![CDATA[]]></system-out>
  <system-err><![CDATA[1669218423105	geckodriver	INFO	Listening on 127.0.0.1:14237
1669218423644	mozrunner::runner	INFO	Running command: "C:\\Program Files\\Mozilla Firefox\\firefox.exe" "--marionette" "--remote-debugging-port" "34943" "--remote-allow-hosts" "localhost" "--remote-allow-origins" "http://127.0.0.1:34943/,http://localhost:34943/,http://[::1]:34943/" "-no-remote" "-profile" "C:\\Users\\SHATUN~1\\AppData\\Local\\Temp\\rust_mozprofilepjvMSN"
1669218424618	Marionette	INFO	Marionette enabled
1669218424638	Marionette	INFO	Listening on port 52333
Read port: 52333
WebDriver BiDi listening on ws://127.0.0.1:34943
1669218424961	RemoteAgent	WARN	TLS certificate errors will be ignored for this session
console.warn: SearchSettings: "get: No settings file exists, new profile?" (new NotFoundError("Could not open the file at C:\\Users\\SHATUN~1\\AppData\\Local\\Temp\\rust_mozprofilepjvMSN\\search.json.mozlz4", (void 0)))
DevTools listening on ws://127.0.0.1:34943/devtools/browser/dc057ab7-633f-4317-ab11-c05c79a90618
console.warn: LoginRecipes: "Falling back to a synchronous message for: http://localhost."
console.warn: LoginRecipes: "Falling back to a synchronous message for: http://localhost."
]]></system-err>
</testsuite>
