<?xml version="1.0" encoding="UTF-8"?>
<testsuite name="ru.stqa.pft.addressbook.tests.ContactCreationTests" tests="1" skipped="0" failures="0" errors="0" timestamp="2022-11-30T13:33:13" hostname="DESKTOP-GOV6LDQ" time="5.398">
  <properties/>
  <testcase name="testContactCreation" classname="ru.stqa.pft.addressbook.tests.ContactCreationTests" time="5.398"/>
  <system-out><![CDATA[]]></system-out>
  <system-err><![CDATA[1669815186551	geckodriver	INFO	Listening on 127.0.0.1:22121
1669815187089	mozrunner::runner	INFO	Running command: "C:\\Program Files\\Mozilla Firefox\\firefox.exe" "--marionette" "--remote-debugging-port" "37365" "--remote-allow-hosts" "localhost" "--remote-allow-origins" "http://127.0.0.1:37365/,http://localhost:37365/,http://[::1]:37365/" "-no-remote" "-profile" "C:\\Users\\SHATUN~1\\AppData\\Local\\Temp\\rust_mozprofileIaTrN9"
1669815188064	Marionette	INFO	Marionette enabled
1669815188080	Marionette	INFO	Listening on port 51872
Read port: 51872
WebDriver BiDi listening on ws://127.0.0.1:37365
1669815188418	RemoteAgent	WARN	TLS certificate errors will be ignored for this session
console.warn: SearchSettings: "get: No settings file exists, new profile?" (new NotFoundError("Could not open the file at C:\\Users\\SHATUN~1\\AppData\\Local\\Temp\\rust_mozprofileIaTrN9\\search.json.mozlz4", (void 0)))
DevTools listening on ws://127.0.0.1:37365/devtools/browser/1c0907dd-6924-4a9d-8591-8a153691710b
console.warn: LoginRecipes: "Falling back to a synchronous message for: http://localhost."
console.warn: LoginRecipes: "Falling back to a synchronous message for: http://localhost."
]]></system-err>
</testsuite>
