<?xml version="1.0" encoding="UTF-8"?>
<testsuite name="ru.stqa.pft.addressbook.tests.ContactCreationTests" tests="1" skipped="0" failures="0" errors="0" timestamp="2022-11-28T12:18:24" hostname="DESKTOP-GOV6LDQ" time="2.384">
  <properties/>
  <testcase name="testContactCreation" classname="ru.stqa.pft.addressbook.tests.ContactCreationTests" time="2.384"/>
  <system-out><![CDATA[]]></system-out>
  <system-err><![CDATA[1669637897357	geckodriver	INFO	Listening on 127.0.0.1:26996
1669637897844	mozrunner::runner	INFO	Running command: "C:\\Program Files\\Mozilla Firefox\\firefox.exe" "--marionette" "--remote-debugging-port" "3764" "--remote-allow-hosts" "localhost" "--remote-allow-origins" "http://127.0.0.1:3764/,http://localhost:3764/,http://[::1]:3764/" "-no-remote" "-profile" "C:\\Users\\SHATUN~1\\AppData\\Local\\Temp\\rust_mozprofile5WtCsW"
1669637898888	Marionette	INFO	Marionette enabled
1669637898906	Marionette	INFO	Listening on port 51104
Read port: 51104
WebDriver BiDi listening on ws://127.0.0.1:3764
1669637899295	RemoteAgent	WARN	TLS certificate errors will be ignored for this session
console.warn: SearchSettings: "get: No settings file exists, new profile?" (new NotFoundError("Could not open the file at C:\\Users\\SHATUN~1\\AppData\\Local\\Temp\\rust_mozprofile5WtCsW\\search.json.mozlz4", (void 0)))
DevTools listening on ws://127.0.0.1:3764/devtools/browser/dfa46222-0253-433a-a770-b90d723401ff
console.warn: LoginRecipes: "Falling back to a synchronous message for: http://localhost."
console.warn: LoginRecipes: "Falling back to a synchronous message for: http://localhost."
]]></system-err>
</testsuite>
