<?xml version="1.0" encoding="UTF-8"?>
<testsuite name="ru.stqa.pft.addressbook.tests.ContactDeletionTests" tests="1" skipped="0" failures="0" errors="0" timestamp="2022-11-22T16:16:10" hostname="DESKTOP-GOV6LDQ" time="0.989">
  <properties/>
  <testcase name="testContactDeletion" classname="ru.stqa.pft.addressbook.tests.ContactDeletionTests" time="0.989"/>
  <system-out><![CDATA[]]></system-out>
  <system-err><![CDATA[1669133764471	geckodriver	INFO	Listening on 127.0.0.1:8915
1669133764954	mozrunner::runner	INFO	Running command: "C:\\Program Files\\Mozilla Firefox\\firefox.exe" "--marionette" "--remote-debugging-port" "6008" "--remote-allow-hosts" "localhost" "--remote-allow-origins" "http://127.0.0.1:6008/,http://localhost:6008/,http://[::1]:6008/" "-no-remote" "-profile" "C:\\Users\\SHATUN~1\\AppData\\Local\\Temp\\rust_mozprofileas7EeC"
1669133765859	Marionette	INFO	Marionette enabled
1669133765879	Marionette	INFO	Listening on port 54280
Read port: 54280
WebDriver BiDi listening on ws://127.0.0.1:6008
1669133766110	RemoteAgent	WARN	TLS certificate errors will be ignored for this session
console.warn: SearchSettings: "get: No settings file exists, new profile?" (new NotFoundError("Could not open the file at C:\\Users\\SHATUN~1\\AppData\\Local\\Temp\\rust_mozprofileas7EeC\\search.json.mozlz4", (void 0)))
DevTools listening on ws://127.0.0.1:6008/devtools/browser/8f5ebdbd-b515-4d6b-8f74-ea353eba526c
console.warn: LoginRecipes: "Falling back to a synchronous message for: http://localhost."
console.warn: LoginRecipes: "Falling back to a synchronous message for: http://localhost."
]]></system-err>
</testsuite>
