<?xml version="1.0" encoding="UTF-8"?>
<testsuite name="ru.stqa.pft.addressbook.ContactDeletionTests" tests="1" skipped="0" failures="0" errors="0" timestamp="2022-11-22T10:58:15" hostname="DESKTOP-GOV6LDQ" time="0.778">
  <properties/>
  <testcase name="testContactDeletion" classname="ru.stqa.pft.addressbook.ContactDeletionTests" time="0.778"/>
  <system-out><![CDATA[]]></system-out>
  <system-err><![CDATA[1669114689102	geckodriver	INFO	Listening on 127.0.0.1:21176
1669114689584	mozrunner::runner	INFO	Running command: "C:\\Program Files\\Mozilla Firefox\\firefox.exe" "--marionette" "--remote-debugging-port" "20939" "--remote-allow-hosts" "localhost" "--remote-allow-origins" "http://127.0.0.1:20939/,http://localhost:20939/,http://[::1]:20939/" "-no-remote" "-profile" "C:\\Users\\SHATUN~1\\AppData\\Local\\Temp\\rust_mozprofileChM1hI"
1669114690580	Marionette	INFO	Marionette enabled
1669114690597	Marionette	INFO	Listening on port 59488
Read port: 59488
WebDriver BiDi listening on ws://127.0.0.1:20939
1669114690925	RemoteAgent	WARN	TLS certificate errors will be ignored for this session
console.warn: SearchSettings: "get: No settings file exists, new profile?" (new NotFoundError("Could not open the file at C:\\Users\\SHATUN~1\\AppData\\Local\\Temp\\rust_mozprofileChM1hI\\search.json.mozlz4", (void 0)))
DevTools listening on ws://127.0.0.1:20939/devtools/browser/a559e428-f708-44ab-bb84-e043e3116cfd
console.warn: LoginRecipes: "Falling back to a synchronous message for: http://localhost."
console.warn: LoginRecipes: "Falling back to a synchronous message for: http://localhost."
]]></system-err>
</testsuite>
