<?xml version="1.0" encoding="UTF-8"?>
<testsuite name="ru.stqa.pft.addressbook.ContactCreationTests" tests="1" skipped="0" failures="0" errors="0" timestamp="2022-11-21T17:16:23" hostname="DESKTOP-GOV6LDQ" time="2.178">
  <properties/>
  <testcase name="testContactCreation" classname="ru.stqa.pft.addressbook.ContactCreationTests" time="2.178"/>
  <system-out><![CDATA[]]></system-out>
  <system-err><![CDATA[1669050976917	geckodriver	INFO	Listening on 127.0.0.1:42073
1669050977392	mozrunner::runner	INFO	Running command: "C:\\Program Files\\Mozilla Firefox\\firefox.exe" "--marionette" "--remote-debugging-port" "46102" "--remote-allow-hosts" "localhost" "--remote-allow-origins" "http://127.0.0.1:46102/,http://localhost:46102/,http://[::1]:46102/" "-no-remote" "-profile" "C:\\Users\\SHATUN~1\\AppData\\Local\\Temp\\rust_mozprofileWhvYuB"
1669050978317	Marionette	INFO	Marionette enabled
1669050978336	Marionette	INFO	Listening on port 54562
Read port: 54562
WebDriver BiDi listening on ws://127.0.0.1:46102
1669050978772	RemoteAgent	WARN	TLS certificate errors will be ignored for this session
console.warn: SearchSettings: "get: No settings file exists, new profile?" (new NotFoundError("Could not open the file at C:\\Users\\SHATUN~1\\AppData\\Local\\Temp\\rust_mozprofileWhvYuB\\search.json.mozlz4", (void 0)))
DevTools listening on ws://127.0.0.1:46102/devtools/browser/6026b162-533f-4de4-b193-cee3c2ebd3dc
console.warn: LoginRecipes: "Falling back to a synchronous message for: http://localhost."
console.warn: LoginRecipes: "Falling back to a synchronous message for: http://localhost."
]]></system-err>
</testsuite>
