<?xml version="1.0" encoding="UTF-8"?>
<testsuite name="ru.stqa.pft.addressbook.tests.ContactCreationTests" tests="1" skipped="0" failures="0" errors="0" timestamp="2022-12-11T17:28:20" hostname="DESKTOP-GOV6LDQ" time="4.113">
  <properties/>
  <testcase name="testContactCreation" classname="ru.stqa.pft.addressbook.tests.ContactCreationTests" time="4.113"/>
  <system-out><![CDATA[]]></system-out>
  <system-err><![CDATA[1670779693139	geckodriver	INFO	Listening on 127.0.0.1:24095
1670779693640	mozrunner::runner	INFO	Running command: "C:\\Program Files\\Mozilla Firefox\\firefox.exe" "--marionette" "--remote-debugging-port" "47721" "--remote-allow-hosts" "localhost" "--remote-allow-origins" "http://127.0.0.1:47721/,http://localhost:47721/,http://[::1]:47721/" "-no-remote" "-profile" "C:\\Users\\SHATUN~1\\AppData\\Local\\Temp\\rust_mozprofileA9xslL"
1670779694650	Marionette	INFO	Marionette enabled
1670779694672	Marionette	INFO	Listening on port 54621
Read port: 54621
WebDriver BiDi listening on ws://127.0.0.1:47721
1670779695106	RemoteAgent	WARN	TLS certificate errors will be ignored for this session
console.warn: SearchSettings: "get: No settings file exists, new profile?" (new NotFoundError("Could not open the file at C:\\Users\\SHATUN~1\\AppData\\Local\\Temp\\rust_mozprofileA9xslL\\search.json.mozlz4", (void 0)))
DevTools listening on ws://127.0.0.1:47721/devtools/browser/53e9bace-bcdc-4cc9-8139-2d17a0636d76
console.warn: LoginRecipes: "Falling back to a synchronous message for: http://localhost."
console.warn: LoginRecipes: "Falling back to a synchronous message for: http://localhost."
]]></system-err>
</testsuite>
