<?xml version="1.0" encoding="UTF-8"?>
<testsuite name="ru.stqa.pft.addressbook.tests.ContactModificationTests" tests="1" skipped="0" failures="0" errors="0" timestamp="2022-11-30T14:36:10" hostname="DESKTOP-GOV6LDQ" time="5.227">
  <properties/>
  <testcase name="testContactModification" classname="ru.stqa.pft.addressbook.tests.ContactModificationTests" time="5.227"/>
  <system-out><![CDATA[]]></system-out>
  <system-err><![CDATA[1669818963501	geckodriver	INFO	Listening on 127.0.0.1:26038
1669818964039	mozrunner::runner	INFO	Running command: "C:\\Program Files\\Mozilla Firefox\\firefox.exe" "--marionette" "--remote-debugging-port" "38576" "--remote-allow-hosts" "localhost" "--remote-allow-origins" "http://127.0.0.1:38576/,http://localhost:38576/,http://[::1]:38576/" "-no-remote" "-profile" "C:\\Users\\SHATUN~1\\AppData\\Local\\Temp\\rust_mozprofileRddNuU"
1669818965019	Marionette	INFO	Marionette enabled
1669818965040	Marionette	INFO	Listening on port 55794
Read port: 55794
WebDriver BiDi listening on ws://127.0.0.1:38576
1669818965398	RemoteAgent	WARN	TLS certificate errors will be ignored for this session
console.warn: SearchSettings: "get: No settings file exists, new profile?" (new NotFoundError("Could not open the file at C:\\Users\\SHATUN~1\\AppData\\Local\\Temp\\rust_mozprofileRddNuU\\search.json.mozlz4", (void 0)))
DevTools listening on ws://127.0.0.1:38576/devtools/browser/0a67e664-1e4c-4fce-bc73-b176d59a3cca
console.warn: LoginRecipes: "Falling back to a synchronous message for: http://localhost."
console.warn: LoginRecipes: "Falling back to a synchronous message for: http://localhost."
]]></system-err>
</testsuite>
