<?xml version="1.0" encoding="UTF-8"?>
<testsuite name="ru.stqa.pft.addressbook.GroupCreationTests" tests="1" skipped="0" failures="0" errors="0" timestamp="2022-11-21T16:40:29" hostname="DESKTOP-GOV6LDQ" time="3.405">
  <properties/>
  <testcase name="testGroupCreation" classname="ru.stqa.pft.addressbook.GroupCreationTests" time="3.405"/>
  <system-out><![CDATA[]]></system-out>
  <system-err><![CDATA[1669048824224	geckodriver	INFO	Listening on 127.0.0.1:12407
1669048824683	mozrunner::runner	INFO	Running command: "C:\\Program Files\\Mozilla Firefox\\firefox.exe" "--marionette" "--remote-debugging-port" "16336" "--remote-allow-hosts" "localhost" "--remote-allow-origins" "http://127.0.0.1:16336/,http://localhost:16336/,http://[::1]:16336/" "-no-remote" "-profile" "C:\\Users\\SHATUN~1\\AppData\\Local\\Temp\\rust_mozprofilewK0Kw2"
1669048825530	Marionette	INFO	Marionette enabled
1669048825546	Marionette	INFO	Listening on port 52474
Read port: 52474
WebDriver BiDi listening on ws://127.0.0.1:16336
1669048825905	RemoteAgent	WARN	TLS certificate errors will be ignored for this session
console.warn: SearchSettings: "get: No settings file exists, new profile?" (new NotFoundError("Could not open the file at C:\\Users\\SHATUN~1\\AppData\\Local\\Temp\\rust_mozprofilewK0Kw2\\search.json.mozlz4", (void 0)))
DevTools listening on ws://127.0.0.1:16336/devtools/browser/5488b4e7-b327-49da-abe0-995d32002298
console.warn: LoginRecipes: "Falling back to a synchronous message for: http://localhost."
console.warn: LoginRecipes: "Falling back to a synchronous message for: http://localhost."
]]></system-err>
</testsuite>
