<?xml version="1.0" encoding="UTF-8"?>
<testsuite name="ru.stqa.pft.addressbook.tests.ContactModificationTests" tests="1" skipped="0" failures="0" errors="0" timestamp="2022-12-11T16:27:53" hostname="DESKTOP-GOV6LDQ" time="65.58">
  <properties/>
  <testcase name="testContactModification" classname="ru.stqa.pft.addressbook.tests.ContactModificationTests" time="65.58"/>
  <system-out><![CDATA[]]></system-out>
  <system-err><![CDATA[1670776065730	geckodriver	INFO	Listening on 127.0.0.1:7281
1670776066309	mozrunner::runner	INFO	Running command: "C:\\Program Files\\Mozilla Firefox\\firefox.exe" "--marionette" "--remote-debugging-port" "20262" "--remote-allow-hosts" "localhost" "--remote-allow-origins" "http://127.0.0.1:20262/,http://localhost:20262/,http://[::1]:20262/" "-no-remote" "-profile" "C:\\Users\\SHATUN~1\\AppData\\Local\\Temp\\rust_mozprofilexKVQLW"
1670776067214	Marionette	INFO	Marionette enabled
1670776067232	Marionette	INFO	Listening on port 50002
Read port: 50002
WebDriver BiDi listening on ws://127.0.0.1:20262
1670776067703	RemoteAgent	WARN	TLS certificate errors will be ignored for this session
console.warn: SearchSettings: "get: No settings file exists, new profile?" (new NotFoundError("Could not open the file at C:\\Users\\SHATUN~1\\AppData\\Local\\Temp\\rust_mozprofilexKVQLW\\search.json.mozlz4", (void 0)))
DevTools listening on ws://127.0.0.1:20262/devtools/browser/56e6608e-1549-4a7b-855e-46f3bbf670fc
console.warn: LoginRecipes: "Falling back to a synchronous message for: http://localhost."
console.warn: LoginRecipes: "Falling back to a synchronous message for: http://localhost."
]]></system-err>
</testsuite>
