<?xml version="1.0" encoding="UTF-8"?>
<testsuite name="ru.stqa.pft.addressbook.tests.GroupDeletionTests" tests="1" skipped="0" failures="0" errors="0" timestamp="2022-11-22T11:56:34" hostname="DESKTOP-GOV6LDQ" time="1.015">
  <properties/>
  <testcase name="testGroupDeletion" classname="ru.stqa.pft.addressbook.tests.GroupDeletionTests" time="1.015"/>
  <system-out><![CDATA[]]></system-out>
  <system-err><![CDATA[1669118188162	geckodriver	INFO	Listening on 127.0.0.1:34582
1669118188661	mozrunner::runner	INFO	Running command: "C:\\Program Files\\Mozilla Firefox\\firefox.exe" "--marionette" "--remote-debugging-port" "4677" "--remote-allow-hosts" "localhost" "--remote-allow-origins" "http://127.0.0.1:4677/,http://localhost:4677/,http://[::1]:4677/" "-no-remote" "-profile" "C:\\Users\\SHATUN~1\\AppData\\Local\\Temp\\rust_mozprofilepOTJ6Z"
1669118189584	Marionette	INFO	Marionette enabled
1669118189604	Marionette	INFO	Listening on port 62228
Read port: 62228
WebDriver BiDi listening on ws://127.0.0.1:4677
1669118189956	RemoteAgent	WARN	TLS certificate errors will be ignored for this session
console.warn: SearchSettings: "get: No settings file exists, new profile?" (new NotFoundError("Could not open the file at C:\\Users\\SHATUN~1\\AppData\\Local\\Temp\\rust_mozprofilepOTJ6Z\\search.json.mozlz4", (void 0)))
DevTools listening on ws://127.0.0.1:4677/devtools/browser/fe6cbf39-6edd-4531-829d-8b55d0a07d39
console.warn: LoginRecipes: "Falling back to a synchronous message for: http://localhost."
console.warn: LoginRecipes: "Falling back to a synchronous message for: http://localhost."
]]></system-err>
</testsuite>
