<?xml version="1.0" encoding="UTF-8"?>
<testsuite name="ru.stqa.pft.addressbook.tests.GroupModificationTests" tests="1" skipped="0" failures="0" errors="0" timestamp="2022-12-12T09:41:49" hostname="DESKTOP-GOV6LDQ" time="3.953">
  <properties/>
  <testcase name="testGroupModification" classname="ru.stqa.pft.addressbook.tests.GroupModificationTests" time="3.953"/>
  <system-out><![CDATA[]]></system-out>
  <system-err><![CDATA[1670838103847	geckodriver	INFO	Listening on 127.0.0.1:15687
1670838104295	mozrunner::runner	INFO	Running command: "C:\\Program Files\\Mozilla Firefox\\firefox.exe" "--marionette" "--remote-debugging-port" "43107" "--remote-allow-hosts" "localhost" "--remote-allow-origins" "http://127.0.0.1:43107/,http://localhost:43107/,http://[::1]:43107/" "-no-remote" "-profile" "C:\\Users\\SHATUN~1\\AppData\\Local\\Temp\\rust_mozprofilevigcb2"
1670838105130	Marionette	INFO	Marionette enabled
1670838105147	Marionette	INFO	Listening on port 57052
Read port: 57052
WebDriver BiDi listening on ws://127.0.0.1:43107
1670838105437	RemoteAgent	WARN	TLS certificate errors will be ignored for this session
console.warn: SearchSettings: "get: No settings file exists, new profile?" (new NotFoundError("Could not open the file at C:\\Users\\SHATUN~1\\AppData\\Local\\Temp\\rust_mozprofilevigcb2\\search.json.mozlz4", (void 0)))
DevTools listening on ws://127.0.0.1:43107/devtools/browser/ba3eb9f7-407b-4024-a9d2-71b6ab867d90
console.warn: LoginRecipes: "Falling back to a synchronous message for: http://localhost."
console.warn: LoginRecipes: "Falling back to a synchronous message for: http://localhost."
]]></system-err>
</testsuite>
